[0m[[0m[0mdebug[0m] [0m[0m> Exec(test, Some(07a9d279-7ea4-4af8-a2fb-0e9c41ea80be), Some(CommandSource(console0)))[0m
[0m[[0m[0mdebug[0m] [0m[0mEvaluating tasks: Test / test[0m
[0m[[0m[0mdebug[0m] [0m[0mRunning task... Cancel: Signal, check cycles: false, forcegc: true[0m
[0m[[0m[0minfo[0m] [0m[0m[32mExprTest:[0m[0m
[0m[[0m[0minfo[0m] [0m[0m[32m- AST Printing Test 1[0m[0m
[0m[[0m[0minfo[0m] [0m[0m[32mScannerTest:[0m[0m
[0m[[0m[0minfo[0m] [0m[0m[32m- Test Scanner Basic Test 1[0m[0m
[0m[[0m[0minfo[0m] [0m[0m[32m- Test Scanner Basic Test 2[0m[0m
[0m[[0m[0minfo[0m] [0m[0m[32m- Test Scanner Multi Line Comment[0m[0m
[0m[[0m[0minfo[0m] [0m[0m[32mParserTest:[0m[0m
[0m[[0m[0minfo[0m] [0m[0m[32m- Parser Test Basic 1[0m[0m
[0m[[0m[0minfo[0m] [0m[0m[32m- Parser Test Basic Fail 1[0m[0m
[0m[[0m[0minfo[0m] [0m[0m[32m- Parser Test Basic Fail 2[0m[0m
[0m[[0m[0minfo[0m] [0m[0m[32m- Scan-Parse Integration Test 1[0m[0m
[0m[[0m[0minfo[0m] [0m[0m[32m- Scan-Parse Integration Test 2[0m[0m
[0m[[0m[0minfo[0m] [0m[0m[32m- Scan-Parse Integration Test 3[0m[0m
[0m[[0m[0minfo[0m] [0m[0m[32m- Scan-Parser Integration Test 4: Ternary Operator[0m[0m
[0m[[0m[0minfo[0m] [0m[0m[32m- Scan-Parser Integration Test 5: Ternary Operator[0m[0m
[0m[[0m[0minfo[0m] [0m[0m[32m- Scan-Parser Integration Test 6: Variable[0m[0m
[0m[[0m[0minfo[0m] [0m[0m[32mInterpreterTest:[0m[0m
[0m[[0m[0minfo[0m] [0m[0m[32m- Interpreter Test Expressions 1[0m[0m
[0m[[0m[0minfo[0m] [0m[0m[32m- Interpreter Test Expressions 2: Comma[0m[0m
[0m[[0m[0minfo[0m] [0m[0m[32m- Interpreter Test Expressions 3: Ternary Operator[0m[0m
[0m[[0m[0minfo[0m] [0m[0m[32m- Interpreter Test Expressions 4: Ternary Operator[0m[0m
[0m[[0m[0minfo[0m] [0m[0m[32m- Interpreter Test Expressions 5: String[0m[0m
[0m[[0m[0minfo[0m] [0m[0m[32m- Interpreter Test Expressions 6: Equality Comparison[0m[0m
[0m[[0m[0minfo[0m] [0m[0m[32m- Interpreter Test Expressions 7: Ordered Comparison[0m[0m
[0m[[0m[0minfo[0m] [0m[0m[32m- Interpreter Test Divide By 0[0m[0m
[0m[[0m[0minfo[0m] [0m[0m[32m- Interpreter Test Compare Mismatch[0m[0m
[0m[[0m[0minfo[0m] [0m[0m[32m- Interpreter Test 8: Ordered Comparison[0m[0m
[0m[[0m[0minfo[0m] [0m[0m[32m- Interpreter Test 9: Variable Declaration[0m[0m
[0m[[0m[0minfo[0m] [0m[0m[32m- Interpreter Test 10: Variable Assignment[0m[0m
[0m[[0m[0minfo[0m] [0m[0m[32m- Interpreter Test 11: Variable Use Before Definition[0m[0m
[0m[[0m[0minfo[0m] [0m[0m[32m- Interpreter Test 12: Variable Use Before Initialization[0m[0m
[0m[[0m[0minfo[0m] [0m[0m[32m- Interpreter Test 13: Variable Assignment + Ternary Operator[0m[0m
[0m[[0m[0minfo[0m] [0m[0m[32m- Interpreter Test 14: If Conditional[0m[0m
[0m[[0m[0minfo[0m] [0m[0m[32m- Interpreter Test 14.1: If Conditional[0m[0m
[0m[[0m[0minfo[0m] [0m[0m[32m- Interpreter Test 15: Logical Or[0m[0m
[0m[[0m[0minfo[0m] [0m[0m[32m- Interpreter Test 15.1: Logical Or[0m[0m
[0m[[0m[0minfo[0m] [0m[0m[32m- Interpreter Test 16: Logical And[0m[0m
[0m[[0m[0minfo[0m] [0m[0m[32m- Interpreter Test 17: For Loop[0m[0m
[0m[[0m[0minfo[0m] [0m[0m[32m- Interpreter Test 18: While Loop[0m[0m
[0m[[0m[0minfo[0m] [0m[0m[32m- Interpreter Test 19: While Loop with Break[0m[0m
[0m[[0m[0minfo[0m] [0m[0m[32m- Interpreter Test 19.1: While Loop with Break[0m[0m
[0m[[0m[0minfo[0m] [0m[0m[32m- Interpreter Test 20: While Loop with Continue[0m[0m
[0m[[0m[0minfo[0m] [0m[0m[32m- Interpreter Test 21: Calling Native Functions[0m[0m
[0m[[0m[0minfo[0m] [0m[0m[32m- Interpreter Test 22: Declaring and Using Functions[0m[0m
[0m[[0m[0minfo[0m] [0m[0m[32m- Interpreter Test 23: Recursive Functions[0m[0m
[0m[[0m[0minfo[0m] [0m[0m[32m- Interpreter Test 24: Closures[0m[0m
[0m[[0m[0minfo[0m] [0m[0m[32m- Interpreter Test 25: Lambda Functions[0m[0m
[0m[[0m[0minfo[0m] [0m[0m[32m- Interpreter Test 25.1: Lambda Functions[0m[0m
[0m[[0m[0minfo[0m] [0m[0m[32m- Interpreter Test 25.2: Lambda Functions[0m[0m
[0m[[0m[0minfo[0m] [0m[0m[32m- Interpreter Test 25.3: Lambda Functions[0m[0m
[0m[[0m[0minfo[0m] [0m[0m[32m- Interpreter Test 25.4: Lambda Functions[0m[0m
[0m[[0m[0minfo[0m] [0m[0m[32m- Interpreter Test 26: Properly Closed Functions[0m[0m
[0m[[0m[0minfo[0m] [0m[0m[32m- Interpreter Test 27: Unused Local Variable[0m[0m
[0m[[0m[0minfo[0m] [0m[0m[32m- Interpreter Test 28: Return From Top Level[0m[0m
[0m[[0m[0minfo[0m] [0m[0m[32m- Interpreter Test 28.1: Continue From Top Level[0m[0m
[0m[[0m[0minfo[0m] [0m[0m[32m- Interpreter Test 28.2: Break From Top Level[0m[0m
[0m[[0m[0minfo[0m] [0m[0m[36mRun completed in 450 milliseconds.[0m[0m
[0m[[0m[0minfo[0m] [0m[0m[36mTotal number of tests run: 52[0m[0m
[0m[[0m[0minfo[0m] [0m[0m[36mSuites: completed 4, aborted 0[0m[0m
[0m[[0m[0minfo[0m] [0m[0m[36mTests: succeeded 52, failed 0, canceled 0, ignored 0, pending 0[0m[0m
[0m[[0m[0minfo[0m] [0m[0m[32mAll tests passed.[0m[0m
[0m[[0m[32msuccess[0m] [0m[0mTotal time: 1 s, completed Jul 11, 2023, 6:56:57 PM[0m
[0m[[0m[0mdebug[0m] [0m[0m> Exec(shell, None, None)[0m
